<?xml version="1.0" encoding="UTF-8"?>
<!-- Generated by org.testng.reporters.JUnitXMLReporter -->
<testsuite ignored="0" hostname="LTIN186656" failures="0" tests="8" name="Default test" time="108.849" errors="0" timestamp="2024-02-24T02:25:15 IST">
  <testcase classname="Insurance" name="navigatetoInsurance" time="10.627"/>
  <testcase classname="Insurance" name="TripDetails" time="18.45"/>
  <testcase classname="Insurance" name="EnterDetails" time="24.392"/>
  <testcase classname="Insurance" name="sortDetails" time="19.488"/>
  <testcase classname="Insurance" name="getDetails" time="0.173"/>
  <testcase classname="Insurance" name="navigateToCar" time="22.148"/>
  <testcase classname="Insurance" name="getErrormsg" time="2.305"/>
  <testcase classname="Insurance" name="navigateList" time="3.071"/>
</testsuite> <!-- Default test -->
