<?xml version="1.0" encoding="UTF-8"?>
<!-- Generated by org.testng.reporters.JUnitXMLReporter -->
<testsuite ignored="4" hostname="LTIN236986" failures="0" tests="20" name="Test" time="111.603" errors="0" timestamp="2024-03-06T12:37:08 IST">
  <testcase classname="testCases.TestCase_001_StudentInsuranceNavigation" name="VerifyInsurance" time="7.716"/>
  <testcase classname="testCases.TestCase_001_StudentInsuranceNavigation" name="EnterDetails1" time="7.65"/>
  <testcase classname="testCases.TestCase_001_StudentInsuranceNavigation" name="EnterDetails2" time="10.107"/>
  <testcase classname="testCases.TestCase_001_StudentInsuranceNavigation" name="EnterDetails3" time="0.567"/>
  <testcase classname="testCases.TestCase_001_StudentInsuranceNavigation" name="EnterDetails4" time="2.386"/>
  <testcase classname="testCases.TestCase_001_StudentInsuranceNavigation" name="EnterDetails5" time="4.825"/>
  <testcase classname="testCases.TestCase_001_StudentInsuranceNavigation" name="EnterDetails6" time="4.508"/>
  <testcase classname="testCases.TestCase_001_StudentInsuranceNavigation" name="EnterDetails7" time="0.524"/>
  <testcase classname="testCases.TestCase_001_StudentInsuranceNavigation" name="EnterDetails8" time="4.658"/>
  <testcase classname="testCases.TestCase_001_StudentInsuranceNavigation" name="InsurancePlans" time="2.185"/>
  <testcase classname="testCases.TestCase_002_CarInsurance" name="NavigatingBack" time="3.026"/>
  <testcase classname="testCases.TestCase_002_CarInsurance" name="CarInsurancePage" time="11.322"/>
  <testcase classname="testCases.TestCase_002_CarInsurance" name="CarInsurancePage2" time="4.35"/>
  <testcase classname="testCases.TestCase_002_CarInsurance" name="CarInsurancePage3" time="4.763"/>
  <testcase classname="testCases.TestCase_002_CarInsurance" name="CarInsurancePage4" time="4.716"/>
  <testcase classname="testCases.TestCase_002_CarInsurance" name="displayErrorMessage" time="4.403"/>
  <testcase classname="testCases.TestCase_002_CarInsurance" name="displayErrorMessage2" time="4.385"/>
  <testcase classname="testCases.TestCase_003_HealthInsurance" name="NavigateHome" time="3.028"/>
  <testcase classname="testCases.TestCase_003_HealthInsurance" name="HealthInsurancePage" time="0.172"/>
  <testcase classname="testCases.TestCase_003_HealthInsurance" name="DisplayList" time="1.617"/>
  <testcase classname="testCases.BaseClass" name="@BeforeTest setup" time="0.0">
    <ignored/>
  </testcase> <!-- @BeforeTest setup -->
  <testcase classname="testCases.BaseClass" name="@BeforeTest setup" time="0.0">
    <ignored/>
  </testcase> <!-- @BeforeTest setup -->
  <testcase classname="testCases.BaseClass" name="@AfterTest tearDown" time="0.0">
    <ignored/>
  </testcase> <!-- @AfterTest tearDown -->
  <testcase classname="testCases.BaseClass" name="@AfterTest tearDown" time="0.0">
    <ignored/>
  </testcase> <!-- @AfterTest tearDown -->
</testsuite> <!-- Test -->
