<?xml version="1.0" encoding="UTF-8"?>
<!-- Generated by org.testng.reporters.JUnitXMLReporter -->
<testsuite ignored="4" hostname="LTIN236986" failures="0" tests="20" name="Test" time="148.587" errors="0" timestamp="2024-03-04T14:50:33 IST">
  <testcase classname="testCases.TestCase_001_StudentInsuranceNavigation" name="VerifyInsurance" time="10.416"/>
  <testcase classname="testCases.TestCase_001_StudentInsuranceNavigation" name="EnterDetails1" time="9.465"/>
  <testcase classname="testCases.TestCase_001_StudentInsuranceNavigation" name="EnterDetails2" time="9.282"/>
  <testcase classname="testCases.TestCase_001_StudentInsuranceNavigation" name="EnterDetails3" time="0.262"/>
  <testcase classname="testCases.TestCase_001_StudentInsuranceNavigation" name="EnterDetails4" time="1.459"/>
  <testcase classname="testCases.TestCase_001_StudentInsuranceNavigation" name="EnterDetails5" time="3.631"/>
  <testcase classname="testCases.TestCase_001_StudentInsuranceNavigation" name="EnterDetails6" time="4.277"/>
  <testcase classname="testCases.TestCase_001_StudentInsuranceNavigation" name="EnterDetails7" time="0.551"/>
  <testcase classname="testCases.TestCase_001_StudentInsuranceNavigation" name="EnterDetails8" time="4.257"/>
  <testcase classname="testCases.TestCase_001_StudentInsuranceNavigation" name="InsurancePlans" time="2.582"/>
  <testcase classname="testCases.TestCase_002_CarInsurance" name="NavigatingBack" time="3.091"/>
  <testcase classname="testCases.TestCase_002_CarInsurance" name="CarInsurancePage" time="20.614"/>
  <testcase classname="testCases.TestCase_002_CarInsurance" name="CarInsurancePage2" time="4.216"/>
  <testcase classname="testCases.TestCase_002_CarInsurance" name="CarInsurancePage3" time="4.352"/>
  <testcase classname="testCases.TestCase_002_CarInsurance" name="CarInsurancePage4" time="4.452"/>
  <testcase classname="testCases.TestCase_002_CarInsurance" name="displayErrorMessage" time="4.26"/>
  <testcase classname="testCases.TestCase_002_CarInsurance" name="displayErrorMessage2" time="4.24"/>
  <testcase classname="testCases.TestCase_003_HealthInsurance" name="NavigateHome" time="2.5"/>
  <testcase classname="testCases.TestCase_003_HealthInsurance" name="HealthInsurancePage" time="0.157"/>
  <testcase classname="testCases.TestCase_003_HealthInsurance" name="DisplayList" time="1.661"/>
  <testcase classname="testCases.BaseClass" name="@AfterTest tearDown" time="0.0">
    <ignored/>
  </testcase> <!-- @AfterTest tearDown -->
  <testcase classname="testCases.BaseClass" name="@BeforeTest setup" time="0.0">
    <ignored/>
  </testcase> <!-- @BeforeTest setup -->
  <testcase classname="testCases.BaseClass" name="@AfterTest tearDown" time="0.0">
    <ignored/>
  </testcase> <!-- @AfterTest tearDown -->
  <testcase classname="testCases.BaseClass" name="@BeforeTest setup" time="0.0">
    <ignored/>
  </testcase> <!-- @BeforeTest setup -->
</testsuite> <!-- Test -->
